 [2016-11-09 14:44:23.050 Info] Trace session ID 6 started

 [2016-11-09 14:44:24.602 Info] 2016-11-09T14:44:22.9330 (25031:0x7f8c4cde90c0) TRACE_INIT
	SESSION_6 new_trace_2
	

2016-11-09T14:44:22.9330 (25031:0x7f8c4cde90c0) START_TRANSACTION
	/pool/data/ticket.gdb (ATT_1659836, SYSDBA:NONE, ISO88591, TCPv4:10.0.0.10/51842)
	Z:\media\sistema\sis_ejecutables\sigmaweb\sigserver.exe:40
		(TRA_6157524, READ_COMMITTED | REC_VERSION | NOWAIT | READ_WRITE)

2016-11-09T14:44:22.9340 (25031:0x7f8c4cde90c0) PREPARE_STATEMENT
	/pool/data/ticket.gdb (ATT_1659836, SYSDBA:NONE, ISO88591, TCPv4:10.0.0.10/51842)
	Z:\media\sistema\sis_ejecutables\sigmaweb\sigserver.exe:40
		(TRA_6157524, READ_COMMITTED | REC_VERSION | NOWAIT | READ_WRITE)

Statement 76434:
-------------------------------------------------------------------------------
SELECT FCOMPRO, FCOPIAS, FPLANTI, FNUMERO, FULTNUM, FPARAME, FPOSVAL
FROM XXX_RPT_IMPDOC(?,?,?,?)

^^^^^^^^^^^^^^^^^^^^^^^^^^^^^^^^^^^^^^^^^^^^^^^^^^^^^^^^^^^^^^^^^^^^^^^^^^^^^^^
PLAN (XXX_RPT_IMPDOC NATURAL)
      0 ms

2016-11-09T14:44:22.9350 (25031:0x7f8c4cde90c0) FREE_STATEMENT
	/pool/data/ticket.gdb (ATT_1659836, SYSDBA:NONE, ISO88591, TCPv4:10.0.0.10/51842)
	Z:\media\sistema\sis_ejecutables\sigmaweb\sigserver.exe:40

Statement 76434:
-------------------------------------------------------------------------------
SELECT FCOMPRO, FCOPIAS, FPLANTI, FNUMERO, FULTNUM, FPARAME, FPOSVAL
FROM XXX_RPT_IMPDOC(?,?,?,?)

^^^^^^^^^^^^^^^^^^^^^^^^^^^^^^^^^^^^^^^^^^^^^^^^^^^^^^^^^^^^^^^^^^^^^^^^^^^^^^^
PLAN (XXX_RPT_IMPDOC NATURAL)

2016-11-09T14:44:22.9500 (25031:0x7f8c4cde90c0) COMMIT_TRANSACTION
	/pool/data/ticket.gdb (ATT_1659836, SYSDBA:NONE, ISO88591, TCPv4:10.0.0.10/51842)
	Z:\media\sistema\sis_ejecutables\sigmaweb\sigserver.exe:40
		(TRA_6157524, READ_COMMITTED | REC_VERSION | NOWAIT | READ_WRITE)
     14 ms, 1 write(s), 1 fetch(es), 1 mark(s)

2016-11-09T14:44:22.9520 (25031:0x7f8c4cde90c0) START_TRANSACTION
	/pool/data/ticket.gdb (ATT_1659836, SYSDBA:NONE, ISO88591, TCPv4:10.0.0.10/51842)
	Z:\media\sistema\sis_ejecutables\sigmaweb\sigserver.exe:40
		(TRA_6157525, READ_COMMITTED | REC_VERSION | NOWAIT | READ_WRITE)

2016-11-09T14:44:22.9530 (25031:0x7f8c4cde90c0) PREPARE_STATEMENT
	/pool/data/ticket.gdb (ATT_1659836, SYSDBA:NONE, ISO88591, TCPv4:10.0.0.10/51842)
	Z:\media\sistema\sis_ejecutables\sigmaweb\sigserver.exe:40
		(TRA_6157525, READ_COMMITTED | REC_VERSION | NOWAIT | READ_WRITE)

Statement 76435:
-------------------------------------------------------------------------------
SELECT FCOMPRO, FCOPIAS, FPLANTI, FNUMERO, FULTNUM, FPARAME, FPOSVAL
FROM XXX_RPT_IMPDOC(?,?,?,?)

^^^^^^^^^^^^^^^^^^^^^^^^^^^^^^^^^^^^^^^^^^^^^^^^^^^^^^^^^^^^^^^^^^^^^^^^^^^^^^^
PLAN (XXX_RPT_IMPDOC NATURAL)
      0 ms

2016-11-09T14:44:22.9550 (25031:0x7f8c4cde90c0) EXECUTE_STATEMENT_START
	/pool/data/ticket.gdb (ATT_1659836, SYSDBA:NONE, ISO88591, TCPv4:10.0.0.10/51842)
	Z:\media\sistema\sis_ejecutables\sigmaweb\sigserver.exe:40
		(TRA_6157525, READ_COMMITTED | REC_VERSION | NOWAIT | READ_WRITE)

Statement 76435:
-------------------------------------------------------------------------------
SELECT FCOMPRO, FCOPIAS, FPLANTI, FNUMERO, FULTNUM, FPARAME, FPOSVAL
FROM XXX_RPT_IMPDOC(?,?,?,?)

^^^^^^^^^^^^^^^^^^^^^^^^^^^^^^^^^^^^^^^^^^^^^^^^^^^^^^^^^^^^^^^^^^^^^^^^^^^^^^^
PLAN (XXX_RPT_IMPDOC NATURAL)

param0 = varchar(10), "TKCONSU"
param1 = varchar(20), "SERVER-LTSP"
param2 = integer, "<NULL>"
param3 = integer, "175481"


2016-11-09T14:44:22.9620 (25031:0x7f8c4cde90c0) EXECUTE_STATEMENT_FINISH
	/pool/data/ticket.gdb (ATT_1659836, SYSDBA:NONE, ISO88591, TCPv4:10.0.0.10/51842)
	Z:\media\sistema\sis_ejecutables\sigmaweb\sigserver.exe:40
		(TRA_6157525, READ_COMMITTED | REC_VERSION | NOWAIT | READ_WRITE)

Statement 76435:
-------------------------------------------------------------------------------
SELECT FCOMPRO, FCOPIAS, FPLANTI, FNUMERO, FULTNUM, FPARAME, FPOSVAL
FROM XXX_RPT_IMPDOC(?,?,?,?)

^^^^^^^^^^^^^^^^^^^^^^^^^^^^^^^^^^^^^^^^^^^^^^^^^^^^^^^^^^^^^^^^^^^^^^^^^^^^^^^
PLAN (XXX_RPT_IMPDOC NATURAL)

param0 = varchar(10), "TKCONSU"
param1 = varchar(20), "SERVER-LTSP"
param2 = integer, "<NULL>"
param3 = integer, "175481"

0 records fetched
      7 ms, 2054 fetch(es)

Table                             Natural     Index    Update    Insert    Delete   Backout     Purge   Expunge
***************************************************************************************************************
XXX_CLAV                              122                                                                      
CRM_TIK_DATO                                    124                                                            
CRM_TIK_ITEM                                    249                                                            
RPT_MAQU                                          1                                                            

2016-11-09T14:44:22.9640 (25031:0x7f8c4cde90c0) CLOSE_CURSOR
	/pool/data/ticket.gdb (ATT_1659836, SYSDBA:NONE, ISO88591, TCPv4:10.0.0.10/51842)
	Z:\media\sistema\sis_ejecutables\sigmaweb\sigserver.exe:40

Statement 76435:
-------------------------------------------------------------------------------
SELECT FCOMPRO, FCOPIAS, FPLANTI, FNUMERO, FULTNUM, FPARAME, FPOSVAL
FROM XXX_RPT_IMPDOC(?,?,?,?)

^^^^^^^^^^^^^^^^^^^^^^^^^^^^^^^^^^^^^^^^^^^^^^^^^^^^^^^^^^^^^^^^^^^^^^^^^^^^^^^
PLAN (XXX_RPT_IMPDOC NATURAL)

2016-11-09T14:44:22.9640 (25031:0x7f8c4cde90c0) FREE_STATEMENT
	/pool/data/ticket.gdb (ATT_1659836, SYSDBA:NONE, ISO88591, TCPv4:10.0.0.10/51842)
	Z:\media\sistema\sis_ejecutables\sigmaweb\sigserver.exe:40

Statement 76435:
-------------------------------------------------------------------------------
SELECT FCOMPRO, FCOPIAS, FPLANTI, FNUMERO, FULTNUM, FPARAME, FPOSVAL
FROM XXX_RPT_IMPDOC(?,?,?,?)

^^^^^^^^^^^^^^^^^^^^^^^^^^^^^^^^^^^^^^^^^^^^^^^^^^^^^^^^^^^^^^^^^^^^^^^^^^^^^^^
PLAN (XXX_RPT_IMPDOC NATURAL)

2016-11-09T14:44:22.9650 (25031:0x7f8c4cde90c0) COMMIT_TRANSACTION
	/pool/data/ticket.gdb (ATT_1659836, SYSDBA:NONE, ISO88591, TCPv4:10.0.0.10/51842)
	Z:\media\sistema\sis_ejecutables\sigmaweb\sigserver.exe:40
		(TRA_6157525, READ_COMMITTED | REC_VERSION | NOWAIT | READ_WRITE)
      0 ms, 1 write(s), 1 fetch(es), 1 mark(s)

2016-11-09T14:44:23.1120 (25031:0x7f8c4cde2fc0) TRACE_INIT
	SESSION_6 new_trace_2
	

2016-11-09T14:44:23.1120 (25031:0x7f8c4cde2fc0) START_TRANSACTION
	/pool/data/ticket.gdb (ATT_1659843, SYSDBA:NONE, ISO88591, TCPv4:10.0.0.10/51992)
	Z:\media\sistema\sis_ejecutables\sigmaweb\sigserver.exe:40
		(TRA_6157526, READ_COMMITTED | REC_VERSION | NOWAIT | READ_WRITE)

2016-11-09T14:44:23.1140 (25031:0x7f8c4cde2fc0) PREPARE_STATEMENT
	/pool/data/ticket.gdb (ATT_1659843, SYSDBA:NONE, ISO88591, TCPv4:10.0.0.10/51992)
	Z:\media\sistema\sis_ejecutables\sigmaweb\sigserver.exe:40
		(TRA_6157526, READ_COMMITTED | REC_VERSION | NOWAIT | READ_WRITE)

Statement 76436:
-------------------------------------------------------------------------------
SELECT COUNT(*) FROM ZMS_MENS WHERE FUSUHAS=83 AND FLEIDO='N'
^^^^^^^^^^^^^^^^^^^^^^^^^^^^^^^^^^^^^^^^^^^^^^^^^^^^^^^^^^^^^^^^^^^^^^^^^^^^^^^
PLAN (ZMS_MENS INDEX (ZMS_MENS_USUHAS))
      0 ms

2016-11-09T14:44:23.1170 (25031:0x7f8c4cde2fc0) EXECUTE_STATEMENT_START
	/pool/data/ticket.gdb (ATT_1659843, SYSDBA:NONE, ISO88591, TCPv4:10.0.0.10/51992)
	Z:\media\sistema\sis_ejecutables\sigmaweb\sigserver.exe:40
		(TRA_6157526, READ_COMMITTED | REC_VERSION | NOWAIT | READ_WRITE)

Statement 76436:
-------------------------------------------------------------------------------
SELECT COUNT(*) FROM ZMS_MENS WHERE FUSUHAS=83 AND FLEIDO='N'
^^^^^^^^^^^^^^^^^^^^^^^^^^^^^^^^^^^^^^^^^^^^^^^^^^^^^^^^^^^^^^^^^^^^^^^^^^^^^^^
PLAN (ZMS_MENS INDEX (ZMS_MENS_USUHAS))

2016-11-09T14:44:23.1170 (25031:0x7f8c4cde2fc0) EXECUTE_STATEMENT_FINISH
	/pool/data/ticket.gdb (ATT_1659843, SYSDBA:NONE, ISO88591, TCPv4:10.0.0.10/51992)
	Z:\media\sistema\sis_ejecutables\sigmaweb\sigserver.exe:40
		(TRA_6157526, READ_COMMITTED | REC_VERSION | NOWAIT | READ_WRITE)

Statement 76436:
-------------------------------------------------------------------------------
SELECT COUNT(*) FROM ZMS_MENS WHERE FUSUHAS=83 AND FLEIDO='N'
^^^^^^^^^^^^^^^^^^^^^^^^^^^^^^^^^^^^^^^^^^^^^^^^^^^^^^^^^^^^^^^^^^^^^^^^^^^^^^^
PLAN (ZMS_MENS INDEX (ZMS_MENS_USUHAS))
1 records fetched
      0 ms, 71 fetch(es)

Table                             Natural     Index    Update    Insert    Delete   Backout     Purge   Expunge
***************************************************************************************************************
ZMS_MENS                                         34                                                            

2016-11-09T14:44:23.1190 (25031:0x7f8c4cde2fc0) CLOSE_CURSOR
	/pool/data/ticket.gdb (ATT_1659843, SYSDBA:NONE, ISO88591, TCPv4:10.0.0.10/51992)
	Z:\media\sistema\sis_ejecutables\sigmaweb\sigserver.exe:40

Statement 76436:
-------------------------------------------------------------------------------
SELECT COUNT(*) FROM ZMS_MENS WHERE FUSUHAS=83 AND FLEIDO='N'
^^^^^^^^^^^^^^^^^^^^^^^^^^^^^^^^^^^^^^^^^^^^^^^^^^^^^^^^^^^^^^^^^^^^^^^^^^^^^^^
PLAN (ZMS_MENS INDEX (ZMS_MENS_USUHAS))

2016-11-09T14:44:23.1190 (25031:0x7f8c4cde2fc0) FREE_STATEMENT
	/pool/data/ticket.gdb (ATT_1659843, SYSDBA:NONE, ISO88591, TCPv4:10.0.0.10/51992)
	Z:\media\sistema\sis_ejecutables\sigmaweb\sigserver.exe:40

Statement 76436:
-------------------------------------------------------------------------------
SELECT COUNT(*) FROM ZMS_MENS WHERE FUSUHAS=83 AND FLEIDO='N'
^^^^^^^^^^^^^^^^^^^^^^^^^^^^^^^^^^^^^^^^^^^^^^^^^^^^^^^^^^^^^^^^^^^^^^^^^^^^^^^
PLAN (ZMS_MENS INDEX (ZMS_MENS_USUHAS))

2016-11-09T14:44:23.1200 (25031:0x7f8c4cde2fc0) COMMIT_TRANSACTION
	/pool/data/ticket.gdb (ATT_1659843, SYSDBA:NONE, ISO88591, TCPv4:10.0.0.10/51992)
	Z:\media\sistema\sis_ejecutables\sigmaweb\sigserver.exe:40
		(TRA_6157526, READ_COMMITTED | REC_VERSION | NOWAIT | READ_WRITE)
      0 ms, 1 write(s), 1 fetch(es), 1 mark(s)

2016-11-09T14:44:23.2850 (25031:0x7f8c4cde2fc0) START_TRANSACTION
	/pool/data/ticket.gdb (ATT_1659843, SYSDBA:NONE, ISO88591, TCPv4:10.0.0.10/51992)
	Z:\media\sistema\sis_ejecutables\sigmaweb\sigserver.exe:40
		(TRA_6157527, READ_COMMITTED | REC_VERSION | NOWAIT | READ_WRITE)

2016-11-09T14:44:23.2870 (25031:0x7f8c4cde2fc0) PREPARE_STATEMENT
	/pool/data/ticket.gdb (ATT_1659843, SYSDBA:NONE, ISO88591, TCPv4:10.0.0.10/51992)
	Z:\media\sistema\sis_ejecutables\sigmaweb\sigserver.exe:40
		(TRA_6157527, READ_COMMITTED | REC_VERSION | NOWAIT | READ_WRITE)

Statement 76437:
-------------------------------------------------------------------------------
SELECT Z.FMESAGE FROM ZMS_CLIE Z WHERE UPPER(Z.FAPPSRV)='SERVER-SIG' AND Z.FENVIAR='S' AND Z.FFECHA=CURRENT_DATE AND COALESCE(Z.FMESAGE,'')<>'' ORDER BY Z.FINDICE DESC ROWS 1
^^^^^^^^^^^^^^^^^^^^^^^^^^^^^^^^^^^^^^^^^^^^^^^^^^^^^^^^^^^^^^^^^^^^^^^^^^^^^^^
PLAN SORT (Z NATURAL)
      0 ms

2016-11-09T14:44:23.2890 (25031:0x7f8c4cde2fc0) EXECUTE_STATEMENT_START
	/pool/data/ticket.gdb (ATT_1659843, SYSDBA:NONE, ISO88591, TCPv4:10.0.0.10/51992)
	Z:\media\sistema\sis_ejecutables\sigmaweb\sigserver.exe:40
		(TRA_6157527, READ_COMMITTED | REC_VERSION | NOWAIT | READ_WRITE)

Statement 76437:
-------------------------------------------------------------------------------
SELECT Z.FMESAGE FROM ZMS_CLIE Z WHERE UPPER(Z.FAPPSRV)='SERVER-SIG' AND Z.FENVIAR='S' AND Z.FFECHA=CURRENT_DATE AND COALESCE(Z.FMESAGE,'')<>'' ORDER BY Z.FINDICE DESC ROWS 1
^^^^^^^^^^^^^^^^^^^^^^^^^^^^^^^^^^^^^^^^^^^^^^^^^^^^^^^^^^^^^^^^^^^^^^^^^^^^^^^
PLAN SORT (Z NATURAL)

2016-11-09T14:44:23.2890 (25031:0x7f8c4cde2fc0) EXECUTE_STATEMENT_FINISH
	/pool/data/ticket.gdb (ATT_1659843, SYSDBA:NONE, ISO88591, TCPv4:10.0.0.10/51992)
	Z:\media\sistema\sis_ejecutables\sigmaweb\sigserver.exe:40
		(TRA_6157527, READ_COMMITTED | REC_VERSION | NOWAIT | READ_WRITE)

Statement 76437:
-------------------------------------------------------------------------------
SELECT Z.FMESAGE FROM ZMS_CLIE Z WHERE UPPER(Z.FAPPSRV)='SERVER-SIG' AND Z.FENVIAR='S' AND Z.FFECHA=CURRENT_DATE AND COALESCE(Z.FMESAGE,'')<>'' ORDER BY Z.FINDICE DESC ROWS 1
^^^^^^^^^^^^^^^^^^^^^^^^^^^^^^^^^^^^^^^^^^^^^^^^^^^^^^^^^^^^^^^^^^^^^^^^^^^^^^^
PLAN SORT (Z NATURAL)
0 records fetched
      0 ms, 7 fetch(es)

Table                             Natural     Index    Update    Insert    Delete   Backout     Purge   Expunge
***************************************************************************************************************
ZMS_CLIE                                2                                                                      

2016-11-09T14:44:23.2920 (25031:0x7f8c4cde2fc0) CLOSE_CURSOR
	/pool/data/ticket.gdb (ATT_1659843, SYSDBA:NONE, ISO88591, TCPv4:10.0.0.10/51992)
	Z:\media\sistema\sis_ejecutables\sigmaweb\sigserver.exe:40

Statement 76437:
-------------------------------------------------------------------------------
SELECT Z.FMESAGE FROM ZMS_CLIE Z WHERE UPPER(Z.FAPPSRV)='SERVER-SIG' AND Z.FENVIAR='S' AND Z.FFECHA=CURRENT_DATE AND COALESCE(Z.FMESAGE,'')<>'' ORDER BY Z.FINDICE DESC ROWS 1
^^^^^^^^^^^^^^^^^^^^^^^^^^^^^^^^^^^^^^^^^^^^^^^^^^^^^^^^^^^^^^^^^^^^^^^^^^^^^^^
PLAN SORT (Z NATURAL)

2016-11-09T14:44:23.2920 (25031:0x7f8c4cde2fc0) FREE_STATEMENT
	/pool/data/ticket.gdb (ATT_1659843, SYSDBA:NONE, ISO88591, TCPv4:10.0.0.10/51992)
	Z:\media\sistema\sis_ejecutables\sigmaweb\sigserver.exe:40

Statement 76437:
-------------------------------------------------------------------------------
SELECT Z.FMESAGE FROM ZMS_CLIE Z WHERE UPPER(Z.FAPPSRV)='SERVER-SIG' AND Z.FENVIAR='S' AND Z.FFECHA=CURRENT_DATE AND COALESCE(Z.FMESAGE,'')<>'' ORDER BY Z.FINDICE DESC ROWS 1
^^^^^^^^^^^^^^^^^^^^^^^^^^^^^^^^^^^^^^^^^^^^^^^^^^^^^^^^^^^^^^^^^^^^^^^^^^^^^^^
PLAN SORT (Z NATURAL)

2016-11-09T14:44:23.2930 (25031:0x7f8c4cde2fc0) COMMIT_TRANSACTION
	/pool/data/ticket.gdb (ATT_1659843, SYSDBA:NONE, ISO88591, TCPv4:10.0.0.10/51992)
	Z:\media\sistema\sis_ejecutables\sigmaweb\sigserver.exe:40
		(TRA_6157527, READ_COMMITTED | REC_VERSION | NOWAIT | READ_WRITE)
      0 ms, 1 write(s), 1 fetch(es), 1 mark(s)

2016-11-09T14:44:23.5310 (25031:0x7f8c4cde2fc0) START_TRANSACTION
	/pool/data/ticket.gdb (ATT_1659843, SYSDBA:NONE, ISO88591, TCPv4:10.0.0.10/51992)
	Z:\media\sistema\sis_ejecutables\sigmaweb\sigserver.exe:40
		(TRA_6157528, READ_COMMITTED | REC_VERSION | NOWAIT | READ_WRITE)

2016-11-09T14:44:23.5320 (25031:0x7f8c4cde2fc0) PREPARE_STATEMENT
	/pool/data/ticket.gdb (ATT_1659843, SYSDBA:NONE, ISO88591, TCPv4:10.0.0.10/51992)
	Z:\media\sistema\sis_ejecutables\sigmaweb\sigserver.exe:40
		(TRA_6157528, READ_COMMITTED | REC_VERSION | NOWAIT | READ_WRITE)

Statement 76438:
-------------------------------------------------------------------------------
SELECT Z.FMESAGE FROM ZMS_CLIE Z WHERE UPPER(Z.FAPPSRV)='SAAS' AND Z.FENVIAR='S' AND Z.FFECHA=CURRENT_DATE AND COALESCE(Z.FMESAGE,'')<>'' ORDER BY Z.FINDICE DESC ROWS 1
^^^^^^^^^^^^^^^^^^^^^^^^^^^^^^^^^^^^^^^^^^^^^^^^^^^^^^^^^^^^^^^^^^^^^^^^^^^^^^^
PLAN SORT (Z NATURAL)
      0 ms

2016-11-09T14:44:23.5340 (25031:0x7f8c4cde2fc0) EXECUTE_STATEMENT_START
	/pool/data/ticket.gdb (ATT_1659843, SYSDBA:NONE, ISO88591, TCPv4:10.0.0.10/51992)
	Z:\media\sistema\sis_ejecutables\sigmaweb\sigserver.exe:40
		(TRA_6157528, READ_COMMITTED | REC_VERSION | NOWAIT | READ_WRITE)

Statement 76438:
-------------------------------------------------------------------------------
SELECT Z.FMESAGE FROM ZMS_CLIE Z WHERE UPPER(Z.FAPPSRV)='SAAS' AND Z.FENVIAR='S' AND Z.FFECHA=CURRENT_DATE AND COALESCE(Z.FMESAGE,'')<>'' ORDER BY Z.FINDICE DESC ROWS 1
^^^^^^^^^^^^^^^^^^^^^^^^^^^^^^^^^^^^^^^^^^^^^^^^^^^^^^^^^^^^^^^^^^^^^^^^^^^^^^^
PLAN SORT (Z NATURAL)

2016-11-09T14:44:23.5340 (25031:0x7f8c4cde2fc0) EXECUTE_STATEMENT_FINISH
	/pool/data/ticket.gdb (ATT_1659843, SYSDBA:NONE, ISO88591, TCPv4:10.0.0.10/51992)
	Z:\media\sistema\sis_ejecutables\sigmaweb\sigserver.exe:40
		(TRA_6157528, READ_COMMITTED | REC_VERSION | NOWAIT | READ_WRITE)

Statement 76438:
-------------------------------------------------------------------------------
SELECT Z.FMESAGE FROM ZMS_CLIE Z WHERE UPPER(Z.FAPPSRV)='SAAS' AND Z.FENVIAR='S' AND Z.FFECHA=CURRENT_DATE AND COALESCE(Z.FMESAGE,'')<>'' ORDER BY Z.FINDICE DESC ROWS 1
^^^^^^^^^^^^^^^^^^^^^^^^^^^^^^^^^^^^^^^^^^^^^^^^^^^^^^^^^^^^^^^^^^^^^^^^^^^^^^^
PLAN SORT (Z NATURAL)
0 records fetched
      0 ms, 7 fetch(es)

Table                             Natural     Index    Update    Insert    Delete   Backout     Purge   Expunge
***************************************************************************************************************
ZMS_CLIE                                2                                                                      

2016-11-09T14:44:23.5350 (25031:0x7f8c4cde2fc0) CLOSE_CURSOR
	/pool/data/ticket.gdb (ATT_1659843, SYSDBA:NONE, ISO88591, TCPv4:10.0.0.10/51992)
	Z:\media\sistema\sis_ejecutables\sigmaweb\sigserver.exe:40

Statement 76438:
-------------------------------------------------------------------------------
SELECT Z.FMESAGE FROM ZMS_CLIE Z WHERE UPPER(Z.FAPPSRV)='SAAS' AND Z.FENVIAR='S' AND Z.FFECHA=CURRENT_DATE AND COALESCE(Z.FMESAGE,'')<>'' ORDER BY Z.FINDICE DESC ROWS 1
^^^^^^^^^^^^^^^^^^^^^^^^^^^^^^^^^^^^^^^^^^^^^^^^^^^^^^^^^^^^^^^^^^^^^^^^^^^^^^^
PLAN SORT (Z NATURAL)

2016-11-09T14:44:23.5350 (25031:0x7f8c4cde2fc0) FREE_STATEMENT
	/pool/data/ticket.gdb (ATT_1659843, SYSDBA:NONE, ISO88591, TCPv4:10.0.0.10/51992)
	Z:\media\sistema\sis_ejecutables\sigmaweb\sigserver.exe:40

Statement 76438:
-------------------------------------------------------------------------------
SELECT Z.FMESAGE FROM ZMS_CLIE Z WHERE UPPER(Z.FAPPSRV)='SAAS' AND Z.FENVIAR='S' AND Z.FFECHA=CURRENT_DATE AND COALESCE(Z.FMESAGE,'')<>'' ORDER BY Z.FINDICE DESC ROWS 1
^^^^^^^^^^^^^^^^^^^^^^^^^^^^^^^^^^^^^^^^^^^^^^^^^^^^^^^^^^^^^^^^^^^^^^^^^^^^^^^
PLAN SORT (Z NATURAL)

2016-11-09T14:44:23.5600 (25031:0x7f8c4cde2fc0) COMMIT_TRANSACTION
	/pool/data/ticket.gdb (ATT_1659843, SYSDBA:NONE, ISO88591, TCPv4:10.0.0.10/51992)
	Z:\media\sistema\sis_ejecutables\sigmaweb\sigserver.exe:40
		(TRA_6157528, READ_COMMITTED | REC_VERSION | NOWAIT | READ_WRITE)
     24 ms, 1 write(s), 1 fetch(es), 1 mark(s)


 [2016-11-09 14:44:26.336 Info] 2016-11-09T14:44:24.6240 (25031:0x7f8c4cde2fc0) START_TRANSACTION
	/pool/data/ticket.gdb (ATT_1659843, SYSDBA:NONE, ISO88591, TCPv4:10.0.0.10/51992)
	Z:\media\sistema\sis_ejecutables\sigmaweb\sigserver.exe:40
		(TRA_6157529, READ_COMMITTED | REC_VERSION | NOWAIT | READ_WRITE)

2016-11-09T14:44:24.6270 (25031:0x7f8c4cde2fc0) PREPARE_STATEMENT
	/pool/data/ticket.gdb (ATT_1659843, SYSDBA:NONE, ISO88591, TCPv4:10.0.0.10/51992)
	Z:\media\sistema\sis_ejecutables\sigmaweb\sigserver.exe:40
		(TRA_6157529, READ_COMMITTED | REC_VERSION | NOWAIT | READ_WRITE)

Statement 76440:
-------------------------------------------------------------------------------
SELECT Z.FMESAGE FROM ZMS_CLIE Z WHERE UPPER(Z.FAPPSRV)='SAAS' AND Z.FENVIAR='S' AND Z.FFECHA=CURRENT_DATE AND COALESCE(Z.FMESAGE,'')<>'' ORDER BY Z.FINDICE DESC ROWS 1
^^^^^^^^^^^^^^^^^^^^^^^^^^^^^^^^^^^^^^^^^^^^^^^^^^^^^^^^^^^^^^^^^^^^^^^^^^^^^^^
PLAN SORT (Z NATURAL)
      0 ms

2016-11-09T14:44:24.6290 (25031:0x7f8c4cde2fc0) EXECUTE_STATEMENT_START
	/pool/data/ticket.gdb (ATT_1659843, SYSDBA:NONE, ISO88591, TCPv4:10.0.0.10/51992)
	Z:\media\sistema\sis_ejecutables\sigmaweb\sigserver.exe:40
		(TRA_6157529, READ_COMMITTED | REC_VERSION | NOWAIT | READ_WRITE)

Statement 76440:
-------------------------------------------------------------------------------
SELECT Z.FMESAGE FROM ZMS_CLIE Z WHERE UPPER(Z.FAPPSRV)='SAAS' AND Z.FENVIAR='S' AND Z.FFECHA=CURRENT_DATE AND COALESCE(Z.FMESAGE,'')<>'' ORDER BY Z.FINDICE DESC ROWS 1
^^^^^^^^^^^^^^^^^^^^^^^^^^^^^^^^^^^^^^^^^^^^^^^^^^^^^^^^^^^^^^^^^^^^^^^^^^^^^^^
PLAN SORT (Z NATURAL)

2016-11-09T14:44:24.6290 (25031:0x7f8c4cde2fc0) EXECUTE_STATEMENT_FINISH
	/pool/data/ticket.gdb (ATT_1659843, SYSDBA:NONE, ISO88591, TCPv4:10.0.0.10/51992)
	Z:\media\sistema\sis_ejecutables\sigmaweb\sigserver.exe:40
		(TRA_6157529, READ_COMMITTED | REC_VERSION | NOWAIT | READ_WRITE)

Statement 76440:
-------------------------------------------------------------------------------
SELECT Z.FMESAGE FROM ZMS_CLIE Z WHERE UPPER(Z.FAPPSRV)='SAAS' AND Z.FENVIAR='S' AND Z.FFECHA=CURRENT_DATE AND COALESCE(Z.FMESAGE,'')<>'' ORDER BY Z.FINDICE DESC ROWS 1
^^^^^^^^^^^^^^^^^^^^^^^^^^^^^^^^^^^^^^^^^^^^^^^^^^^^^^^^^^^^^^^^^^^^^^^^^^^^^^^
PLAN SORT (Z NATURAL)
0 records fetched
      0 ms, 7 fetch(es)

Table                             Natural     Index    Update    Insert    Delete   Backout     Purge   Expunge
***************************************************************************************************************
ZMS_CLIE                                2                                                                      

2016-11-09T14:44:24.6300 (25031:0x7f8c4cde2fc0) CLOSE_CURSOR
	/pool/data/ticket.gdb (ATT_1659843, SYSDBA:NONE, ISO88591, TCPv4:10.0.0.10/51992)
	Z:\media\sistema\sis_ejecutables\sigmaweb\sigserver.exe:40

Statement 76440:
-------------------------------------------------------------------------------
SELECT Z.FMESAGE FROM ZMS_CLIE Z WHERE UPPER(Z.FAPPSRV)='SAAS' AND Z.FENVIAR='S' AND Z.FFECHA=CURRENT_DATE AND COALESCE(Z.FMESAGE,'')<>'' ORDER BY Z.FINDICE DESC ROWS 1
^^^^^^^^^^^^^^^^^^^^^^^^^^^^^^^^^^^^^^^^^^^^^^^^^^^^^^^^^^^^^^^^^^^^^^^^^^^^^^^
PLAN SORT (Z NATURAL)

2016-11-09T14:44:24.6300 (25031:0x7f8c4cde2fc0) FREE_STATEMENT
	/pool/data/ticket.gdb (ATT_1659843, SYSDBA:NONE, ISO88591, TCPv4:10.0.0.10/51992)
	Z:\media\sistema\sis_ejecutables\sigmaweb\sigserver.exe:40

Statement 76440:
-------------------------------------------------------------------------------
SELECT Z.FMESAGE FROM ZMS_CLIE Z WHERE UPPER(Z.FAPPSRV)='SAAS' AND Z.FENVIAR='S' AND Z.FFECHA=CURRENT_DATE AND COALESCE(Z.FMESAGE,'')<>'' ORDER BY Z.FINDICE DESC ROWS 1
^^^^^^^^^^^^^^^^^^^^^^^^^^^^^^^^^^^^^^^^^^^^^^^^^^^^^^^^^^^^^^^^^^^^^^^^^^^^^^^
PLAN SORT (Z NATURAL)

2016-11-09T14:44:24.6340 (25031:0x7f8c4cde2fc0) COMMIT_TRANSACTION
	/pool/data/ticket.gdb (ATT_1659843, SYSDBA:NONE, ISO88591, TCPv4:10.0.0.10/51992)
	Z:\media\sistema\sis_ejecutables\sigmaweb\sigserver.exe:40
		(TRA_6157529, READ_COMMITTED | REC_VERSION | NOWAIT | READ_WRITE)
      3 ms, 1 write(s), 1 fetch(es), 1 mark(s)

2016-11-09T14:44:24.6400 (25031:0x7f8c4cde3440) TRACE_INIT
	SESSION_6 new_trace_2
	

2016-11-09T14:44:24.6400 (25031:0x7f8c4cde3440) ATTACH_DATABASE
	/pool/data/ticket.gdb (ATT_1661540, SYSDBA:NONE, ISO88591, TCPv4:10.0.0.10/35888)
	/usr/sbin/apache2:3226

2016-11-09T14:44:24.6430 (25031:0x7f8c4cde3440) START_TRANSACTION
	/pool/data/ticket.gdb (ATT_1661540, SYSDBA:NONE, ISO88591, TCPv4:10.0.0.10/35888)
	/usr/sbin/apache2:3226
		(TRA_6157530, READ_COMMITTED | REC_VERSION | NOWAIT | READ_WRITE)

2016-11-09T14:44:24.6510 (25031:0x7f8c4cde3440) PREPARE_STATEMENT
	/pool/data/ticket.gdb (ATT_1661540, SYSDBA:NONE, ISO88591, TCPv4:10.0.0.10/35888)
	/usr/sbin/apache2:3226
		(TRA_6157530, READ_COMMITTED | REC_VERSION | NOWAIT | READ_WRITE)

Statement 76473:
-------------------------------------------------------------------------------
SELECT FCODINT,FSUCINT,FCODIGO,FNOMBRE,FSUCCOD,FSUCNOM,DATADI
        FROM CRM_LKP_CUENTAS(1,23,'lop')
^^^^^^^^^^^^^^^^^^^^^^^^^^^^^^^^^^^^^^^^^^^^^^^^^^^^^^^^^^^^^^^^^^^^^^^^^^^^^^^
PLAN (CRM_LKP_CUENTAS NATURAL)
      7 ms

2016-11-09T14:44:24.6520 (25031:0x7f8c4cde3440) EXECUTE_STATEMENT_START
	/pool/data/ticket.gdb (ATT_1661540, SYSDBA:NONE, ISO88591, TCPv4:10.0.0.10/35888)
	/usr/sbin/apache2:3226
		(TRA_6157530, READ_COMMITTED | REC_VERSION | NOWAIT | READ_WRITE)

Statement 76473:
-------------------------------------------------------------------------------
SELECT FCODINT,FSUCINT,FCODIGO,FNOMBRE,FSUCCOD,FSUCNOM,DATADI
        FROM CRM_LKP_CUENTAS(1,23,'lop')
^^^^^^^^^^^^^^^^^^^^^^^^^^^^^^^^^^^^^^^^^^^^^^^^^^^^^^^^^^^^^^^^^^^^^^^^^^^^^^^
PLAN (CRM_LKP_CUENTAS NATURAL)

2016-11-09T14:44:24.6570 (25031:0x7f8c4cde3440) EXECUTE_STATEMENT_FINISH
	/pool/data/ticket.gdb (ATT_1661540, SYSDBA:NONE, ISO88591, TCPv4:10.0.0.10/35888)
	/usr/sbin/apache2:3226
		(TRA_6157530, READ_COMMITTED | REC_VERSION | NOWAIT | READ_WRITE)

Statement 76473:
-------------------------------------------------------------------------------
SELECT FCODINT,FSUCINT,FCODIGO,FNOMBRE,FSUCCOD,FSUCNOM,DATADI
        FROM CRM_LKP_CUENTAS(1,23,'lop')
^^^^^^^^^^^^^^^^^^^^^^^^^^^^^^^^^^^^^^^^^^^^^^^^^^^^^^^^^^^^^^^^^^^^^^^^^^^^^^^
PLAN (CRM_LKP_CUENTAS NATURAL)
2 records fetched
      5 ms, 14 read(s), 4762 fetch(es)

Table                             Natural     Index    Update    Insert    Delete   Backout     Purge   Expunge
***************************************************************************************************************
RDB$FORMATS                                       1                                                            
RDB$CHARACTER_SETS                                1                                                            
RDB$COLLATIONS                                    1                                                            
XXX_CLAV                                          1                                                            
CLI_ARCH                                        643                                                            
CLI_SUCU                                        546                                                            
CLI_ARVE                                        586                                                            

2016-11-09T14:44:24.6580 (25031:0x7f8c4cde3440) COMMIT_RETAINING
	/pool/data/ticket.gdb (ATT_1661540, SYSDBA:NONE, ISO88591, TCPv4:10.0.0.10/35888)
	/usr/sbin/apache2:3226
		(TRA_6157530, READ_COMMITTED | REC_VERSION | NOWAIT | READ_WRITE)
      0 ms

2016-11-09T14:44:24.6590 (25031:0x7f8c4cde3440) CLOSE_CURSOR
	/pool/data/ticket.gdb (ATT_1661540, SYSDBA:NONE, ISO88591, TCPv4:10.0.0.10/35888)
	/usr/sbin/apache2:3226

Statement 76473:
-------------------------------------------------------------------------------
SELECT FCODINT,FSUCINT,FCODIGO,FNOMBRE,FSUCCOD,FSUCNOM,DATADI
        FROM CRM_LKP_CUENTAS(1,23,'lop')
^^^^^^^^^^^^^^^^^^^^^^^^^^^^^^^^^^^^^^^^^^^^^^^^^^^^^^^^^^^^^^^^^^^^^^^^^^^^^^^
PLAN (CRM_LKP_CUENTAS NATURAL)

2016-11-09T14:44:24.6590 (25031:0x7f8c4cde3440) FREE_STATEMENT
	/pool/data/ticket.gdb (ATT_1661540, SYSDBA:NONE, ISO88591, TCPv4:10.0.0.10/35888)
	/usr/sbin/apache2:3226

Statement 76473:
-------------------------------------------------------------------------------
SELECT FCODINT,FSUCINT,FCODIGO,FNOMBRE,FSUCCOD,FSUCNOM,DATADI
        FROM CRM_LKP_CUENTAS(1,23,'lop')
^^^^^^^^^^^^^^^^^^^^^^^^^^^^^^^^^^^^^^^^^^^^^^^^^^^^^^^^^^^^^^^^^^^^^^^^^^^^^^^
PLAN (CRM_LKP_CUENTAS NATURAL)

2016-11-09T14:44:24.6590 (25031:0x7f8c4cde3440) ROLLBACK_TRANSACTION
	/pool/data/ticket.gdb (ATT_1661540, SYSDBA:NONE, ISO88591, TCPv4:10.0.0.10/35888)
	/usr/sbin/apache2:3226
		(TRA_6157530, READ_COMMITTED | REC_VERSION | NOWAIT | READ_WRITE)
      0 ms, 1 write(s), 1 fetch(es), 1 mark(s)

2016-11-09T14:44:24.6600 (25031:0x7f8c4cde3440) DETACH_DATABASE
	/pool/data/ticket.gdb (ATT_1661540, SYSDBA:NONE, ISO88591, TCPv4:10.0.0.10/35888)
	/usr/sbin/apache2:3226

2016-11-09T14:44:24.6600 (25031:0x7f8c4cde3440) TRACE_FINI
	SESSION_6 new_trace_2
	

2016-11-09T14:44:24.8060 (25031:0x7f8c4cde2fc0) START_TRANSACTION
	/pool/data/ticket.gdb (ATT_1659843, SYSDBA:NONE, ISO88591, TCPv4:10.0.0.10/51992)
	Z:\media\sistema\sis_ejecutables\sigmaweb\sigserver.exe:40
		(TRA_6157531, READ_COMMITTED | REC_VERSION | NOWAIT | READ_WRITE)

2016-11-09T14:44:24.8070 (25031:0x7f8c4cde2fc0) PREPARE_STATEMENT
	/pool/data/ticket.gdb (ATT_1659843, SYSDBA:NONE, ISO88591, TCPv4:10.0.0.10/51992)
	Z:\media\sistema\sis_ejecutables\sigmaweb\sigserver.exe:40
		(TRA_6157531, READ_COMMITTED | REC_VERSION | NOWAIT | READ_WRITE)

Statement 76475:
-------------------------------------------------------------------------------
SELECT Z.FMESAGE FROM ZMS_CLIE Z WHERE UPPER(Z.FAPPSRV)='SAAS' AND Z.FENVIAR='S' AND Z.FFECHA=CURRENT_DATE AND COALESCE(Z.FMESAGE,'')<>'' ORDER BY Z.FINDICE DESC ROWS 1
^^^^^^^^^^^^^^^^^^^^^^^^^^^^^^^^^^^^^^^^^^^^^^^^^^^^^^^^^^^^^^^^^^^^^^^^^^^^^^^
PLAN SORT (Z NATURAL)
      0 ms

2016-11-09T14:44:24.8080 (25031:0x7f8c4cde2fc0) EXECUTE_STATEMENT_START
	/pool/data/ticket.gdb (ATT_1659843, SYSDBA:NONE, ISO88591, TCPv4:10.0.0.10/51992)
	Z:\media\sistema\sis_ejecutables\sigmaweb\sigserver.exe:40
		(TRA_6157531, READ_COMMITTED | REC_VERSION | NOWAIT | READ_WRITE)

Statement 76475:
-------------------------------------------------------------------------------
SELECT Z.FMESAGE FROM ZMS_CLIE Z WHERE UPPER(Z.FAPPSRV)='SAAS' AND Z.FENVIAR='S' AND Z.FFECHA=CURRENT_DATE AND COALESCE(Z.FMESAGE,'')<>'' ORDER BY Z.FINDICE DESC ROWS 1
^^^^^^^^^^^^^^^^^^^^^^^^^^^^^^^^^^^^^^^^^^^^^^^^^^^^^^^^^^^^^^^^^^^^^^^^^^^^^^^
PLAN SORT (Z NATURAL)

2016-11-09T14:44:24.8080 (25031:0x7f8c4cde2fc0) EXECUTE_STATEMENT_FINISH
	/pool/data/ticket.gdb (ATT_1659843, SYSDBA:NONE, ISO88591, TCPv4:10.0.0.10/51992)
	Z:\media\sistema\sis_ejecutables\sigmaweb\sigserver.exe:40
		(TRA_6157531, READ_COMMITTED | REC_VERSION | NOWAIT | READ_WRITE)

Statement 76475:
-------------------------------------------------------------------------------
SELECT Z.FMESAGE FROM ZMS_CLIE Z WHERE UPPER(Z.FAPPSRV)='SAAS' AND Z.FENVIAR='S' AND Z.FFECHA=CURRENT_DATE AND COALESCE(Z.FMESAGE,'')<>'' ORDER BY Z.FINDICE DESC ROWS 1
^^^^^^^^^^^^^^^^^^^^^^^^^^^^^^^^^^^^^^^^^^^^^^^^^^^^^^^^^^^^^^^^^^^^^^^^^^^^^^^
PLAN SORT (Z NATURAL)
0 records fetched
      0 ms, 7 fetch(es)

Table                             Natural     Index    Update    Insert    Delete   Backout     Purge   Expunge
***************************************************************************************************************
ZMS_CLIE                                2                                                                      

2016-11-09T14:44:24.8090 (25031:0x7f8c4cde2fc0) CLOSE_CURSOR
	/pool/data/ticket.gdb (ATT_1659843, SYSDBA:NONE, ISO88591, TCPv4:10.0.0.10/51992)
	Z:\media\sistema\sis_ejecutables\sigmaweb\sigserver.exe:40

Statement 76475:
-------------------------------------------------------------------------------
SELECT Z.FMESAGE FROM ZMS_CLIE Z WHERE UPPER(Z.FAPPSRV)='SAAS' AND Z.FENVIAR='S' AND Z.FFECHA=CURRENT_DATE AND COALESCE(Z.FMESAGE,'')<>'' ORDER BY Z.FINDICE DESC ROWS 1
^^^^^^^^^^^^^^^^^^^^^^^^^^^^^^^^^^^^^^^^^^^^^^^^^^^^^^^^^^^^^^^^^^^^^^^^^^^^^^^
PLAN SORT (Z NATURAL)

2016-11-09T14:44:24.8090 (25031:0x7f8c4cde2fc0) FREE_STATEMENT
	/pool/data/ticket.gdb (ATT_1659843, SYSDBA:NONE, ISO88591, TCPv4:10.0.0.10/51992)
	Z:\media\sistema\sis_ejecutables\sigmaweb\sigserver.exe:40

Statement 76475:
-------------------------------------------------------------------------------
SELECT Z.FMESAGE FROM ZMS_CLIE Z WHERE UPPER(Z.FAPPSRV)='SAAS' AND Z.FENVIAR='S' AND Z.FFECHA=CURRENT_DATE AND COALESCE(Z.FMESAGE,'')<>'' ORDER BY Z.FINDICE DESC ROWS 1
^^^^^^^^^^^^^^^^^^^^^^^^^^^^^^^^^^^^^^^^^^^^^^^^^^^^^^^^^^^^^^^^^^^^^^^^^^^^^^^
PLAN SORT (Z NATURAL)

2016-11-09T14:44:24.8090 (25031:0x7f8c4cde2fc0) COMMIT_TRANSACTION
	/pool/data/ticket.gdb (ATT_1659843, SYSDBA:NONE, ISO88591, TCPv4:10.0.0.10/51992)
	Z:\media\sistema\sis_ejecutables\sigmaweb\sigserver.exe:40
		(TRA_6157531, READ_COMMITTED | REC_VERSION | NOWAIT | READ_WRITE)
      0 ms, 1 write(s), 1 fetch(es), 1 mark(s)

2016-11-09T14:44:24.9690 (25031:0x7f8c4cde2fc0) START_TRANSACTION
	/pool/data/ticket.gdb (ATT_1659843, SYSDBA:NONE, ISO88591, TCPv4:10.0.0.10/51992)
	Z:\media\sistema\sis_ejecutables\sigmaweb\sigserver.exe:40
		(TRA_6157532, READ_COMMITTED | REC_VERSION | NOWAIT | READ_WRITE)

2016-11-09T14:44:24.9710 (25031:0x7f8c4cde2fc0) PREPARE_STATEMENT
	/pool/data/ticket.gdb (ATT_1659843, SYSDBA:NONE, ISO88591, TCPv4:10.0.0.10/51992)
	Z:\media\sistema\sis_ejecutables\sigmaweb\sigserver.exe:40
		(TRA_6157532, READ_COMMITTED | REC_VERSION | NOWAIT | READ_WRITE)

Statement 76476:
-------------------------------------------------------------------------------
SELECT Z.FMESAGE FROM ZMS_CLIE Z WHERE UPPER(Z.FAPPSRV)='SAAS' AND Z.FENVIAR='S' AND Z.FFECHA=CURRENT_DATE AND COALESCE(Z.FMESAGE,'')<>'' ORDER BY Z.FINDICE DESC ROWS 1
^^^^^^^^^^^^^^^^^^^^^^^^^^^^^^^^^^^^^^^^^^^^^^^^^^^^^^^^^^^^^^^^^^^^^^^^^^^^^^^
PLAN SORT (Z NATURAL)
      0 ms

2016-11-09T14:44:24.9720 (25031:0x7f8c4cde2fc0) EXECUTE_STATEMENT_START
	/pool/data/ticket.gdb (ATT_1659843, SYSDBA:NONE, ISO88591, TCPv4:10.0.0.10/51992)
	Z:\media\sistema\sis_ejecutables\sigmaweb\sigserver.exe:40
		(TRA_6157532, READ_COMMITTED | REC_VERSION | NOWAIT | READ_WRITE)

Statement 76476:
-------------------------------------------------------------------------------
SELECT Z.FMESAGE FROM ZMS_CLIE Z WHERE UPPER(Z.FAPPSRV)='SAAS' AND Z.FENVIAR='S' AND Z.FFECHA=CURRENT_DATE AND COALESCE(Z.FMESAGE,'')<>'' ORDER BY Z.FINDICE DESC ROWS 1
^^^^^^^^^^^^^^^^^^^^^^^^^^^^^^^^^^^^^^^^^^^^^^^^^^^^^^^^^^^^^^^^^^^^^^^^^^^^^^^
PLAN SORT (Z NATURAL)

2016-11-09T14:44:24.9730 (25031:0x7f8c4cde2fc0) EXECUTE_STATEMENT_FINISH
	/pool/data/ticket.gdb (ATT_1659843, SYSDBA:NONE, ISO88591, TCPv4:10.0.0.10/51992)
	Z:\media\sistema\sis_ejecutables\sigmaweb\sigserver.exe:40
		(TRA_6157532, READ_COMMITTED | REC_VERSION | NOWAIT | READ_WRITE)

Statement 76476:
-------------------------------------------------------------------------------
SELECT Z.FMESAGE FROM ZMS_CLIE Z WHERE UPPER(Z.FAPPSRV)='SAAS' AND Z.FENVIAR='S' AND Z.FFECHA=CURRENT_DATE AND COALESCE(Z.FMESAGE,'')<>'' ORDER BY Z.FINDICE DESC ROWS 1
^^^^^^^^^^^^^^^^^^^^^^^^^^^^^^^^^^^^^^^^^^^^^^^^^^^^^^^^^^^^^^^^^^^^^^^^^^^^^^^
PLAN SORT (Z NATURAL)
0 records fetched
      0 ms, 7 fetch(es)

Table                             Natural     Index    Update    Insert    Delete   Backout     Purge   Expunge
***************************************************************************************************************
ZMS_CLIE                                2                                                                      

2016-11-09T14:44:24.9740 (25031:0x7f8c4cde2fc0) CLOSE_CURSOR
	/pool/data/ticket.gdb (ATT_1659843, SYSDBA:NONE, ISO88591, TCPv4:10.0.0.10/51992)
	Z:\media\sistema\sis_ejecutables\sigmaweb\sigserver.exe:40

Statement 76476:
-------------------------------------------------------------------------------
SELECT Z.FMESAGE FROM ZMS_CLIE Z WHERE UPPER(Z.FAPPSRV)='SAAS' AND Z.FENVIAR='S' AND Z.FFECHA=CURRENT_DATE AND COALESCE(Z.FMESAGE,'')<>'' ORDER BY Z.FINDICE DESC ROWS 1
^^^^^^^^^^^^^^^^^^^^^^^^^^^^^^^^^^^^^^^^^^^^^^^^^^^^^^^^^^^^^^^^^^^^^^^^^^^^^^^
PLAN SORT (Z NATURAL)

2016-11-09T14:44:24.9740 (25031:0x7f8c4cde2fc0) FREE_STATEMENT
	/pool/data/ticket.gdb (ATT_1659843, SYSDBA:NONE, ISO88591, TCPv4:10.0.0.10/51992)
	Z:\media\sistema\sis_ejecutables\sigmaweb\sigserver.exe:40

Statement 76476:
-------------------------------------------------------------------------------
SELECT Z.FMESAGE FROM ZMS_CLIE Z WHERE UPPER(Z.FAPPSRV)='SAAS' AND Z.FENVIAR='S' AND Z.FFECHA=CURRENT_DATE AND COALESCE(Z.FMESAGE,'')<>'' ORDER BY Z.FINDICE DESC ROWS 1
^^^^^^^^^^^^^^^^^^^^^^^^^^^^^^^^^^^^^^^^^^^^^^^^^^^^^^^^^^^^^^^^^^^^^^^^^^^^^^^
PLAN SORT (Z NATURAL)

2016-11-09T14:44:24.9750 (25031:0x7f8c4cde2fc0) COMMIT_TRANSACTION
	/pool/data/ticket.gdb (ATT_1659843, SYSDBA:NONE, ISO88591, TCPv4:10.0.0.10/51992)
	Z:\media\sistema\sis_ejecutables\sigmaweb\sigserver.exe:40
		(TRA_6157532, READ_COMMITTED | REC_VERSION | NOWAIT | READ_WRITE)
      0 ms, 1 write(s), 1 fetch(es), 1 mark(s)

2016-11-09T14:44:25.1380 (25031:0x7f8c4cde2fc0) START_TRANSACTION
	/pool/data/ticket.gdb (ATT_1659843, SYSDBA:NONE, ISO88591, TCPv4:10.0.0.10/51992)
	Z:\media\sistema\sis_ejecutables\sigmaweb\sigserver.exe:40
		(TRA_6157533, READ_COMMITTED | REC_VERSION | NOWAIT | READ_WRITE)

2016-11-09T14:44:25.1400 (25031:0x7f8c4cde2fc0) PREPARE_STATEMENT
	/pool/data/ticket.gdb (ATT_1659843, SYSDBA:NONE, ISO88591, TCPv4:10.0.0.10/51992)
	Z:\media\sistema\sis_ejecutables\sigmaweb\sigserver.exe:40
		(TRA_6157533, READ_COMMITTED | REC_VERSION | NOWAIT | READ_WRITE)

Statement 76477:
-------------------------------------------------------------------------------
SELECT Z.FMESAGE FROM ZMS_CLIE Z WHERE UPPER(Z.FAPPSRV)='SAAS' AND Z.FENVIAR='S' AND Z.FFECHA=CURRENT_DATE AND COALESCE(Z.FMESAGE,'')<>'' ORDER BY Z.FINDICE DESC ROWS 1
^^^^^^^^^^^^^^^^^^^^^^^^^^^^^^^^^^^^^^^^^^^^^^^^^^^^^^^^^^^^^^^^^^^^^^^^^^^^^^^
PLAN SORT (Z NATURAL)
      0 ms

2016-11-09T14:44:25.1410 (25031:0x7f8c4cde2fc0) EXECUTE_STATEMENT_START
	/pool/data/ticket.gdb (ATT_1659843, SYSDBA:NONE, ISO88591, TCPv4:10.0.0.10/51992)
	Z:\media\sistema\sis_ejecutables\sigmaweb\sigserver.exe:40
		(TRA_6157533, READ_COMMITTED | REC_VERSION | NOWAIT | READ_WRITE)

Statement 76477:
-------------------------------------------------------------------------------
SELECT Z.FMESAGE FROM ZMS_CLIE Z WHERE UPPER(Z.FAPPSRV)='SAAS' AND Z.FENVIAR='S' AND Z.FFECHA=CURRENT_DATE AND COALESCE(Z.FMESAGE,'')<>'' ORDER BY Z.FINDICE DESC ROWS 1
^^^^^^^^^^^^^^^^^^^^^^^^^^^^^^^^^^^^^^^^^^^^^^^^^^^^^^^^^^^^^^^^^^^^^^^^^^^^^^^
PLAN SORT (Z NATURAL)

2016-11-09T14:44:25.1410 (25031:0x7f8c4cde2fc0) EXECUTE_STATEMENT_FINISH
	/pool/data/ticket.gdb (ATT_1659843, SYSDBA:NONE, ISO88591, TCPv4:10.0.0.10/51992)
	Z:\media\sistema\sis_ejecutables\sigmaweb\sigserver.exe:40
		(TRA_6157533, READ_COMMITTED | REC_VERSION | NOWAIT | READ_WRITE)

Statement 76477:
-------------------------------------------------------------------------------
SELECT Z.FMESAGE FROM ZMS_CLIE Z WHERE UPPER(Z.FAPPSRV)='SAAS' AND Z.FENVIAR='S' AND Z.FFECHA=CURRENT_DATE AND COALESCE(Z.FMESAGE,'')<>'' ORDER BY Z.FINDICE DESC ROWS 1
^^^^^^^^^^^^^^^^^^^^^^^^^^^^^^^^^^^^^^^^^^^^^^^^^^^^^^^^^^^^^^^^^^^^^^^^^^^^^^^
PLAN SORT (Z NATURAL)
0 records fetched
      0 ms, 7 fetch(es)

Table                             Natural     Index    Update    Insert    Delete   Backout     Purge   Expunge
***************************************************************************************************************
ZMS_CLIE                                2                                                                      

2016-11-09T14:44:25.1420 (25031:0x7f8c4cde2fc0) CLOSE_CURSOR
	/pool/data/ticket.gdb (ATT_1659843, SYSDBA:NONE, ISO88591, TCPv4:10.0.0.10/51992)
	Z:\media\sistema\sis_ejecutables\sigmaweb\sigserver.exe:40

Statement 76477:
-------------------------------------------------------------------------------
SELECT Z.FMESAGE FROM ZMS_CLIE Z WHERE UPPER(Z.FAPPSRV)='SAAS' AND Z.FENVIAR='S' AND Z.FFECHA=CURRENT_DATE AND COALESCE(Z.FMESAGE,'')<>'' ORDER BY Z.FINDICE DESC ROWS 1
^^^^^^^^^^^^^^^^^^^^^^^^^^^^^^^^^^^^^^^^^^^^^^^^^^^^^^^^^^^^^^^^^^^^^^^^^^^^^^^
PLAN SORT (Z NATURAL)

2016-11-09T14:44:25.1420 (25031:0x7f8c4cde2fc0) FREE_STATEMENT
	/pool/data/ticket.gdb (ATT_1659843, SYSDBA:NONE, ISO88591, TCPv4:10.0.0.10/51992)
	Z:\media\sistema\sis_ejecutables\sigmaweb\sigserver.exe:40

Statement 76477:
-------------------------------------------------------------------------------
SELECT Z.FMESAGE FROM ZMS_CLIE Z WHERE UPPER(Z.FAPPSRV)='SAAS' AND Z.FENVIAR='S' AND Z.FFECHA=CURRENT_DATE AND COALESCE(Z.FMESAGE,'')<>'' ORDER BY Z.FINDICE DESC ROWS 1
^^^^^^^^^^^^^^^^^^^^^^^^^^^^^^^^^^^^^^^^^^^^^^^^^^^^^^^^^^^^^^^^^^^^^^^^^^^^^^^
PLAN SORT (Z NATURAL)

2016-11-09T14:44:25.1430 (25031:0x7f8c4cde2fc0) COMMIT_TRANSACTION
	/pool/data/ticket.gdb (ATT_1659843, SYSDBA:NONE, ISO88591, TCPv4:10.0.0.10/51992)
	Z:\media\sistema\sis_ejecutables\sigmaweb\sigserver.exe:40
		(TRA_6157533, READ_COMMITTED | REC_VERSION | NOWAIT | READ_WRITE)
      0 ms, 1 write(s), 1 fetch(es), 1 mark(s)

2016-11-09T14:44:25.6810 (25031:0x7f8c4cde2fc0) START_TRANSACTION
	/pool/data/ticket.gdb (ATT_1659843, SYSDBA:NONE, ISO88591, TCPv4:10.0.0.10/51992)
	Z:\media\sistema\sis_ejecutables\sigmaweb\sigserver.exe:40
		(TRA_6157534, READ_COMMITTED | REC_VERSION | NOWAIT | READ_WRITE)

2016-11-09T14:44:25.6820 (25031:0x7f8c4cde2fc0) PREPARE_STATEMENT
	/pool/data/ticket.gdb (ATT_1659843, SYSDBA:NONE, ISO88591, TCPv4:10.0.0.10/51992)
	Z:\media\sistema\sis_ejecutables\sigmaweb\sigserver.exe:40
		(TRA_6157534, READ_COMMITTED | REC_VERSION | NOWAIT | READ_WRITE)

Statement 76478:
-------------------------------------------------------------------------------
SELECT Z.FMESAGE FROM ZMS_CLIE Z WHERE UPPER(Z.FAPPSRV)='SAAS' AND Z.FENVIAR='S' AND Z.FFECHA=CURRENT_DATE AND COALESCE(Z.FMESAGE,'')<>'' ORDER BY Z.FINDICE DESC ROWS 1
^^^^^^^^^^^^^^^^^^^^^^^^^^^^^^^^^^^^^^^^^^^^^^^^^^^^^^^^^^^^^^^^^^^^^^^^^^^^^^^
PLAN SORT (Z NATURAL)
      0 ms

2016-11-09T14:44:25.6840 (25031:0x7f8c4cde2fc0) EXECUTE_STATEMENT_START
	/pool/data/ticket.gdb (ATT_1659843, SYSDBA:NONE, ISO88591, TCPv4:10.0.0.10/51992)
	Z:\media\sistema\sis_ejecutables\sigmaweb\sigserver.exe:40
		(TRA_6157534, READ_COMMITTED | REC_VERSION | NOWAIT | READ_WRITE)

Statement 76478:
-------------------------------------------------------------------------------
SELECT Z.FMESAGE FROM ZMS_CLIE Z WHERE UPPER(Z.FAPPSRV)='SAAS' AND Z.FENVIAR='S' AND Z.FFECHA=CURRENT_DATE AND COALESCE(Z.FMESAGE,'')<>'' ORDER BY Z.FINDICE DESC ROWS 1
^^^^^^^^^^^^^^^^^^^^^^^^^^^^^^^^^^^^^^^^^^^^^^^^^^^^^^^^^^^^^^^^^^^^^^^^^^^^^^^
PLAN SORT (Z NATURAL)

2016-11-09T14:44:25.6840 (25031:0x7f8c4cde2fc0) EXECUTE_STATEMENT_FINISH
	/pool/data/ticket.gdb (ATT_1659843, SYSDBA:NONE, ISO88591, TCPv4:10.0.0.10/51992)
	Z:\media\sistema\sis_ejecutables\sigmaweb\sigserver.exe:40
		(TRA_6157534, READ_COMMITTED | REC_VERSION | NOWAIT | READ_WRITE)

Statement 76478:
-------------------------------------------------------------------------------
SELECT Z.FMESAGE FROM ZMS_CLIE Z WHERE UPPER(Z.FAPPSRV)='SAAS' AND Z.FENVIAR='S' AND Z.FFECHA=CURRENT_DATE AND COALESCE(Z.FMESAGE,'')<>'' ORDER BY Z.FINDICE DESC ROWS 1
^^^^^^^^^^^^^^^^^^^^^^^^^^^^^^^^^^^^^^^^^^^^^^^^^^^^^^^^^^^^^^^^^^^^^^^^^^^^^^^
PLAN SORT (Z NATURAL)
0 records fetched
      0 ms, 7 fetch(es)

Table                             Natural     Index    Update    Insert    Delete   Backout     Purge   Expunge
***************************************************************************************************************
ZMS_CLIE                                2                                                                      

2016-11-09T14:44:25.6850 (25031:0x7f8c4cde2fc0) CLOSE_CURSOR
	/pool/data/ticket.gdb (ATT_1659843, SYSDBA:NONE, ISO88591, TCPv4:10.0.0.10/51992)
	Z:\media\sistema\sis_ejecutables\sigmaweb\sigserver.exe:40

Statement 76478:
-------------------------------------------------------------------------------
SELECT Z.FMESAGE FROM ZMS_CLIE Z WHERE UPPER(Z.FAPPSRV)='SAAS' AND Z.FENVIAR='S' AND Z.FFECHA=CURRENT_DATE AND COALESCE(Z.FMESAGE,'')<>'' ORDER BY Z.FINDICE DESC ROWS 1
^^^^^^^^^^^^^^^^^^^^^^^^^^^^^^^^^^^^^^^^^^^^^^^^^^^^^^^^^^^^^^^^^^^^^^^^^^^^^^^
PLAN SORT (Z NATURAL)

2016-11-09T14:44:25.6850 (25031:0x7f8c4cde2fc0) FREE_STATEMENT
	/pool/data/ticket.gdb (ATT_1659843, SYSDBA:NONE, ISO88591, TCPv4:10.0.0.10/51992)
	Z:\media\sistema\sis_ejecutables\sigmaweb\sigserver.exe:40

Statement 76478:
-------------------------------------------------------------------------------
SELECT Z.FMESAGE FROM ZMS_CLIE Z WHERE UPPER(Z.FAPPSRV)='SAAS' AND Z.FENVIAR='S' AND Z.FFECHA=CURRENT_DATE AND COALESCE(Z.FMESAGE,'')<>'' ORDER BY Z.FINDICE DESC ROWS 1
^^^^^^^^^^^^^^^^^^^^^^^^^^^^^^^^^^^^^^^^^^^^^^^^^^^^^^^^^^^^^^^^^^^^^^^^^^^^^^^
PLAN SORT (Z NATURAL)

2016-11-09T14:44:25.6860 (25031:0x7f8c4cde2fc0) COMMIT_TRANSACTION
	/pool/data/ticket.gdb (ATT_1659843, SYSDBA:NONE, ISO88591, TCPv4:10.0.0.10/51992)
	Z:\media\sistema\sis_ejecutables\sigmaweb\sigserver.exe:40
		(TRA_6157534, READ_COMMITTED | REC_VERSION | NOWAIT | READ_WRITE)
      0 ms, 1 write(s), 1 fetch(es), 1 mark(s)


 [2016-11-09 14:44:28.074 Info] 2016-11-09T14:44:26.0920 (25031:0x7f8c4cde2fc0) START_TRANSACTION
	/pool/data/ticket.gdb (ATT_1659843, SYSDBA:NONE, ISO88591, TCPv4:10.0.0.10/51992)
	Z:\media\sistema\sis_ejecutables\sigmaweb\sigserver.exe:40
		(TRA_6157535, READ_COMMITTED | REC_VERSION | NOWAIT | READ_WRITE)

2016-11-09T14:44:26.0930 (25031:0x7f8c4cde2fc0) PREPARE_STATEMENT
	/pool/data/ticket.gdb (ATT_1659843, SYSDBA:NONE, ISO88591, TCPv4:10.0.0.10/51992)
	Z:\media\sistema\sis_ejecutables\sigmaweb\sigserver.exe:40
		(TRA_6157535, READ_COMMITTED | REC_VERSION | NOWAIT | READ_WRITE)

Statement 76479:
-------------------------------------------------------------------------------
SELECT COUNT(*) FROM ZMS_MENS WHERE FUSUHAS=237 AND FLEIDO='N'
^^^^^^^^^^^^^^^^^^^^^^^^^^^^^^^^^^^^^^^^^^^^^^^^^^^^^^^^^^^^^^^^^^^^^^^^^^^^^^^
PLAN (ZMS_MENS INDEX (ZMS_MENS_USUHAS))
      0 ms

2016-11-09T14:44:26.0950 (25031:0x7f8c4cde2fc0) EXECUTE_STATEMENT_START
	/pool/data/ticket.gdb (ATT_1659843, SYSDBA:NONE, ISO88591, TCPv4:10.0.0.10/51992)
	Z:\media\sistema\sis_ejecutables\sigmaweb\sigserver.exe:40
		(TRA_6157535, READ_COMMITTED | REC_VERSION | NOWAIT | READ_WRITE)

Statement 76479:
-------------------------------------------------------------------------------
SELECT COUNT(*) FROM ZMS_MENS WHERE FUSUHAS=237 AND FLEIDO='N'
^^^^^^^^^^^^^^^^^^^^^^^^^^^^^^^^^^^^^^^^^^^^^^^^^^^^^^^^^^^^^^^^^^^^^^^^^^^^^^^
PLAN (ZMS_MENS INDEX (ZMS_MENS_USUHAS))

2016-11-09T14:44:26.0950 (25031:0x7f8c4cde2fc0) EXECUTE_STATEMENT_FINISH
	/pool/data/ticket.gdb (ATT_1659843, SYSDBA:NONE, ISO88591, TCPv4:10.0.0.10/51992)
	Z:\media\sistema\sis_ejecutables\sigmaweb\sigserver.exe:40
		(TRA_6157535, READ_COMMITTED | REC_VERSION | NOWAIT | READ_WRITE)

Statement 76479:
-------------------------------------------------------------------------------
SELECT COUNT(*) FROM ZMS_MENS WHERE FUSUHAS=237 AND FLEIDO='N'
^^^^^^^^^^^^^^^^^^^^^^^^^^^^^^^^^^^^^^^^^^^^^^^^^^^^^^^^^^^^^^^^^^^^^^^^^^^^^^^
PLAN (ZMS_MENS INDEX (ZMS_MENS_USUHAS))
1 records fetched
      0 ms, 13 fetch(es)

Table                             Natural     Index    Update    Insert    Delete   Backout     Purge   Expunge
***************************************************************************************************************
ZMS_MENS                                          5                                                            

2016-11-09T14:44:26.0960 (25031:0x7f8c4cde2fc0) CLOSE_CURSOR
	/pool/data/ticket.gdb (ATT_1659843, SYSDBA:NONE, ISO88591, TCPv4:10.0.0.10/51992)
	Z:\media\sistema\sis_ejecutables\sigmaweb\sigserver.exe:40

Statement 76479:
-------------------------------------------------------------------------------
SELECT COUNT(*) FROM ZMS_MENS WHERE FUSUHAS=237 AND FLEIDO='N'
^^^^^^^^^^^^^^^^^^^^^^^^^^^^^^^^^^^^^^^^^^^^^^^^^^^^^^^^^^^^^^^^^^^^^^^^^^^^^^^
PLAN (ZMS_MENS INDEX (ZMS_MENS_USUHAS))

2016-11-09T14:44:26.0960 (25031:0x7f8c4cde2fc0) FREE_STATEMENT
	/pool/data/ticket.gdb (ATT_1659843, SYSDBA:NONE, ISO88591, TCPv4:10.0.0.10/51992)
	Z:\media\sistema\sis_ejecutables\sigmaweb\sigserver.exe:40

Statement 76479:
-------------------------------------------------------------------------------
SELECT COUNT(*) FROM ZMS_MENS WHERE FUSUHAS=237 AND FLEIDO='N'
^^^^^^^^^^^^^^^^^^^^^^^^^^^^^^^^^^^^^^^^^^^^^^^^^^^^^^^^^^^^^^^^^^^^^^^^^^^^^^^
PLAN (ZMS_MENS INDEX (ZMS_MENS_USUHAS))

2016-11-09T14:44:26.0970 (25031:0x7f8c4cde2fc0) COMMIT_TRANSACTION
	/pool/data/ticket.gdb (ATT_1659843, SYSDBA:NONE, ISO88591, TCPv4:10.0.0.10/51992)
	Z:\media\sistema\sis_ejecutables\sigmaweb\sigserver.exe:40
		(TRA_6157535, READ_COMMITTED | REC_VERSION | NOWAIT | READ_WRITE)
      1 ms, 1 write(s), 1 fetch(es), 1 mark(s)

2016-11-09T14:44:26.2600 (25031:0x7f8c4cde2fc0) START_TRANSACTION
	/pool/data/ticket.gdb (ATT_1659843, SYSDBA:NONE, ISO88591, TCPv4:10.0.0.10/51992)
	Z:\media\sistema\sis_ejecutables\sigmaweb\sigserver.exe:40
		(TRA_6157536, READ_COMMITTED | REC_VERSION | NOWAIT | READ_WRITE)

2016-11-09T14:44:26.2650 (25031:0x7f8c4cde2fc0) PREPARE_STATEMENT
	/pool/data/ticket.gdb (ATT_1659843, SYSDBA:NONE, ISO88591, TCPv4:10.0.0.10/51992)
	Z:\media\sistema\sis_ejecutables\sigmaweb\sigserver.exe:40
		(TRA_6157536, READ_COMMITTED | REC_VERSION | NOWAIT | READ_WRITE)

Statement 76480:
-------------------------------------------------------------------------------
SELECT Z.FMESAGE FROM ZMS_CLIE Z WHERE UPPER(Z.FAPPSRV)='SERVER-SIG' AND Z.FENVIAR='S' AND Z.FFECHA=CURRENT_DATE AND COALESCE(Z.FMESAGE,'')<>'' ORDER BY Z.FINDICE DESC ROWS 1
^^^^^^^^^^^^^^^^^^^^^^^^^^^^^^^^^^^^^^^^^^^^^^^^^^^^^^^^^^^^^^^^^^^^^^^^^^^^^^^
PLAN SORT (Z NATURAL)
      0 ms

2016-11-09T14:44:26.2710 (25031:0x7f8c4cde2fc0) EXECUTE_STATEMENT_START
	/pool/data/ticket.gdb (ATT_1659843, SYSDBA:NONE, ISO88591, TCPv4:10.0.0.10/51992)
	Z:\media\sistema\sis_ejecutables\sigmaweb\sigserver.exe:40
		(TRA_6157536, READ_COMMITTED | REC_VERSION | NOWAIT | READ_WRITE)

Statement 76480:
-------------------------------------------------------------------------------
SELECT Z.FMESAGE FROM ZMS_CLIE Z WHERE UPPER(Z.FAPPSRV)='SERVER-SIG' AND Z.FENVIAR='S' AND Z.FFECHA=CURRENT_DATE AND COALESCE(Z.FMESAGE,'')<>'' ORDER BY Z.FINDICE DESC ROWS 1
^^^^^^^^^^^^^^^^^^^^^^^^^^^^^^^^^^^^^^^^^^^^^^^^^^^^^^^^^^^^^^^^^^^^^^^^^^^^^^^
PLAN SORT (Z NATURAL)

2016-11-09T14:44:26.2710 (25031:0x7f8c4cde2fc0) EXECUTE_STATEMENT_FINISH
	/pool/data/ticket.gdb (ATT_1659843, SYSDBA:NONE, ISO88591, TCPv4:10.0.0.10/51992)
	Z:\media\sistema\sis_ejecutables\sigmaweb\sigserver.exe:40
		(TRA_6157536, READ_COMMITTED | REC_VERSION | NOWAIT | READ_WRITE)

Statement 76480:
-------------------------------------------------------------------------------
SELECT Z.FMESAGE FROM ZMS_CLIE Z WHERE UPPER(Z.FAPPSRV)='SERVER-SIG' AND Z.FENVIAR='S' AND Z.FFECHA=CURRENT_DATE AND COALESCE(Z.FMESAGE,'')<>'' ORDER BY Z.FINDICE DESC ROWS 1
^^^^^^^^^^^^^^^^^^^^^^^^^^^^^^^^^^^^^^^^^^^^^^^^^^^^^^^^^^^^^^^^^^^^^^^^^^^^^^^
PLAN SORT (Z NATURAL)
0 records fetched
      0 ms, 7 fetch(es)

Table                             Natural     Index    Update    Insert    Delete   Backout     Purge   Expunge
***************************************************************************************************************
ZMS_CLIE                                2                                                                      

2016-11-09T14:44:26.2720 (25031:0x7f8c4cde2fc0) CLOSE_CURSOR
	/pool/data/ticket.gdb (ATT_1659843, SYSDBA:NONE, ISO88591, TCPv4:10.0.0.10/51992)
	Z:\media\sistema\sis_ejecutables\sigmaweb\sigserver.exe:40

Statement 76480:
-------------------------------------------------------------------------------
SELECT Z.FMESAGE FROM ZMS_CLIE Z WHERE UPPER(Z.FAPPSRV)='SERVER-SIG' AND Z.FENVIAR='S' AND Z.FFECHA=CURRENT_DATE AND COALESCE(Z.FMESAGE,'')<>'' ORDER BY Z.FINDICE DESC ROWS 1
^^^^^^^^^^^^^^^^^^^^^^^^^^^^^^^^^^^^^^^^^^^^^^^^^^^^^^^^^^^^^^^^^^^^^^^^^^^^^^^
PLAN SORT (Z NATURAL)

2016-11-09T14:44:26.2720 (25031:0x7f8c4cde2fc0) FREE_STATEMENT
	/pool/data/ticket.gdb (ATT_1659843, SYSDBA:NONE, ISO88591, TCPv4:10.0.0.10/51992)
	Z:\media\sistema\sis_ejecutables\sigmaweb\sigserver.exe:40

Statement 76480:
-------------------------------------------------------------------------------
SELECT Z.FMESAGE FROM ZMS_CLIE Z WHERE UPPER(Z.FAPPSRV)='SERVER-SIG' AND Z.FENVIAR='S' AND Z.FFECHA=CURRENT_DATE AND COALESCE(Z.FMESAGE,'')<>'' ORDER BY Z.FINDICE DESC ROWS 1
^^^^^^^^^^^^^^^^^^^^^^^^^^^^^^^^^^^^^^^^^^^^^^^^^^^^^^^^^^^^^^^^^^^^^^^^^^^^^^^
PLAN SORT (Z NATURAL)

2016-11-09T14:44:26.2740 (25031:0x7f8c4cde2fc0) COMMIT_TRANSACTION
	/pool/data/ticket.gdb (ATT_1659843, SYSDBA:NONE, ISO88591, TCPv4:10.0.0.10/51992)
	Z:\media\sistema\sis_ejecutables\sigmaweb\sigserver.exe:40
		(TRA_6157536, READ_COMMITTED | REC_VERSION | NOWAIT | READ_WRITE)
      1 ms, 1 write(s), 1 fetch(es), 1 mark(s)

2016-11-09T14:44:26.6020 (25031:0x7f8c4cde2fc0) START_TRANSACTION
	/pool/data/ticket.gdb (ATT_1659843, SYSDBA:NONE, ISO88591, TCPv4:10.0.0.10/51992)
	Z:\media\sistema\sis_ejecutables\sigmaweb\sigserver.exe:40
		(TRA_6157537, READ_COMMITTED | REC_VERSION | NOWAIT | READ_WRITE)

2016-11-09T14:44:26.6040 (25031:0x7f8c4cde2fc0) PREPARE_STATEMENT
	/pool/data/ticket.gdb (ATT_1659843, SYSDBA:NONE, ISO88591, TCPv4:10.0.0.10/51992)
	Z:\media\sistema\sis_ejecutables\sigmaweb\sigserver.exe:40
		(TRA_6157537, READ_COMMITTED | REC_VERSION | NOWAIT | READ_WRITE)

Statement 76481:
-------------------------------------------------------------------------------
SELECT Z.FMESAGE FROM ZMS_CLIE Z WHERE UPPER(Z.FAPPSRV)='GUILFORD' AND Z.FENVIAR='S' AND Z.FFECHA=CURRENT_DATE AND COALESCE(Z.FMESAGE,'')<>'' ORDER BY Z.FINDICE DESC ROWS 1
^^^^^^^^^^^^^^^^^^^^^^^^^^^^^^^^^^^^^^^^^^^^^^^^^^^^^^^^^^^^^^^^^^^^^^^^^^^^^^^
PLAN SORT (Z NATURAL)
      0 ms

2016-11-09T14:44:26.6070 (25031:0x7f8c4cde2fc0) EXECUTE_STATEMENT_START
	/pool/data/ticket.gdb (ATT_1659843, SYSDBA:NONE, ISO88591, TCPv4:10.0.0.10/51992)
	Z:\media\sistema\sis_ejecutables\sigmaweb\sigserver.exe:40
		(TRA_6157537, READ_COMMITTED | REC_VERSION | NOWAIT | READ_WRITE)

Statement 76481:
-------------------------------------------------------------------------------
SELECT Z.FMESAGE FROM ZMS_CLIE Z WHERE UPPER(Z.FAPPSRV)='GUILFORD' AND Z.FENVIAR='S' AND Z.FFECHA=CURRENT_DATE AND COALESCE(Z.FMESAGE,'')<>'' ORDER BY Z.FINDICE DESC ROWS 1
^^^^^^^^^^^^^^^^^^^^^^^^^^^^^^^^^^^^^^^^^^^^^^^^^^^^^^^^^^^^^^^^^^^^^^^^^^^^^^^
PLAN SORT (Z NATURAL)

2016-11-09T14:44:26.6070 (25031:0x7f8c4cde2fc0) EXECUTE_STATEMENT_FINISH
	/pool/data/ticket.gdb (ATT_1659843, SYSDBA:NONE, ISO88591, TCPv4:10.0.0.10/51992)
	Z:\media\sistema\sis_ejecutables\sigmaweb\sigserver.exe:40
		(TRA_6157537, READ_COMMITTED | REC_VERSION | NOWAIT | READ_WRITE)

Statement 76481:
-------------------------------------------------------------------------------
SELECT Z.FMESAGE FROM ZMS_CLIE Z WHERE UPPER(Z.FAPPSRV)='GUILFORD' AND Z.FENVIAR='S' AND Z.FFECHA=CURRENT_DATE AND COALESCE(Z.FMESAGE,'')<>'' ORDER BY Z.FINDICE DESC ROWS 1
^^^^^^^^^^^^^^^^^^^^^^^^^^^^^^^^^^^^^^^^^^^^^^^^^^^^^^^^^^^^^^^^^^^^^^^^^^^^^^^
PLAN SORT (Z NATURAL)
0 records fetched
      0 ms, 7 fetch(es)

Table                             Natural     Index    Update    Insert    Delete   Backout     Purge   Expunge
***************************************************************************************************************
ZMS_CLIE                                2                                                                      

2016-11-09T14:44:26.6080 (25031:0x7f8c4cde2fc0) CLOSE_CURSOR
	/pool/data/ticket.gdb (ATT_1659843, SYSDBA:NONE, ISO88591, TCPv4:10.0.0.10/51992)
	Z:\media\sistema\sis_ejecutables\sigmaweb\sigserver.exe:40

Statement 76481:
-------------------------------------------------------------------------------
SELECT Z.FMESAGE FROM ZMS_CLIE Z WHERE UPPER(Z.FAPPSRV)='GUILFORD' AND Z.FENVIAR='S' AND Z.FFECHA=CURRENT_DATE AND COALESCE(Z.FMESAGE,'')<>'' ORDER BY Z.FINDICE DESC ROWS 1
^^^^^^^^^^^^^^^^^^^^^^^^^^^^^^^^^^^^^^^^^^^^^^^^^^^^^^^^^^^^^^^^^^^^^^^^^^^^^^^
PLAN SORT (Z NATURAL)

2016-11-09T14:44:26.6090 (25031:0x7f8c4cde2fc0) FREE_STATEMENT
	/pool/data/ticket.gdb (ATT_1659843, SYSDBA:NONE, ISO88591, TCPv4:10.0.0.10/51992)
	Z:\media\sistema\sis_ejecutables\sigmaweb\sigserver.exe:40

Statement 76481:
-------------------------------------------------------------------------------
SELECT Z.FMESAGE FROM ZMS_CLIE Z WHERE UPPER(Z.FAPPSRV)='GUILFORD' AND Z.FENVIAR='S' AND Z.FFECHA=CURRENT_DATE AND COALESCE(Z.FMESAGE,'')<>'' ORDER BY Z.FINDICE DESC ROWS 1
^^^^^^^^^^^^^^^^^^^^^^^^^^^^^^^^^^^^^^^^^^^^^^^^^^^^^^^^^^^^^^^^^^^^^^^^^^^^^^^
PLAN SORT (Z NATURAL)

2016-11-09T14:44:26.6100 (25031:0x7f8c4cde2fc0) COMMIT_TRANSACTION
	/pool/data/ticket.gdb (ATT_1659843, SYSDBA:NONE, ISO88591, TCPv4:10.0.0.10/51992)
	Z:\media\sistema\sis_ejecutables\sigmaweb\sigserver.exe:40
		(TRA_6157537, READ_COMMITTED | REC_VERSION | NOWAIT | READ_WRITE)
      0 ms, 1 write(s), 1 fetch(es), 1 mark(s)

2016-11-09T14:44:26.6260 (25031:0x7f8c4cde2fc0) START_TRANSACTION
	/pool/data/ticket.gdb (ATT_1659843, SYSDBA:NONE, ISO88591, TCPv4:10.0.0.10/51992)
	Z:\media\sistema\sis_ejecutables\sigmaweb\sigserver.exe:40
		(TRA_6157538, READ_COMMITTED | REC_VERSION | NOWAIT | READ_WRITE)

2016-11-09T14:44:26.6270 (25031:0x7f8c4cde2fc0) PREPARE_STATEMENT
	/pool/data/ticket.gdb (ATT_1659843, SYSDBA:NONE, ISO88591, TCPv4:10.0.0.10/51992)
	Z:\media\sistema\sis_ejecutables\sigmaweb\sigserver.exe:40
		(TRA_6157538, READ_COMMITTED | REC_VERSION | NOWAIT | READ_WRITE)

Statement 76482:
-------------------------------------------------------------------------------
SELECT Z.FMESAGE FROM ZMS_CLIE Z WHERE UPPER(Z.FAPPSRV)='SAAS' AND Z.FENVIAR='S' AND Z.FFECHA=CURRENT_DATE AND COALESCE(Z.FMESAGE,'')<>'' ORDER BY Z.FINDICE DESC ROWS 1
^^^^^^^^^^^^^^^^^^^^^^^^^^^^^^^^^^^^^^^^^^^^^^^^^^^^^^^^^^^^^^^^^^^^^^^^^^^^^^^
PLAN SORT (Z NATURAL)
      0 ms

2016-11-09T14:44:26.6290 (25031:0x7f8c4cde2fc0) EXECUTE_STATEMENT_START
	/pool/data/ticket.gdb (ATT_1659843, SYSDBA:NONE, ISO88591, TCPv4:10.0.0.10/51992)
	Z:\media\sistema\sis_ejecutables\sigmaweb\sigserver.exe:40
		(TRA_6157538, READ_COMMITTED | REC_VERSION | NOWAIT | READ_WRITE)

Statement 76482:
-------------------------------------------------------------------------------
SELECT Z.FMESAGE FROM ZMS_CLIE Z WHERE UPPER(Z.FAPPSRV)='SAAS' AND Z.FENVIAR='S' AND Z.FFECHA=CURRENT_DATE AND COALESCE(Z.FMESAGE,'')<>'' ORDER BY Z.FINDICE DESC ROWS 1
^^^^^^^^^^^^^^^^^^^^^^^^^^^^^^^^^^^^^^^^^^^^^^^^^^^^^^^^^^^^^^^^^^^^^^^^^^^^^^^
PLAN SORT (Z NATURAL)

2016-11-09T14:44:26.6290 (25031:0x7f8c4cde2fc0) EXECUTE_STATEMENT_FINISH
	/pool/data/ticket.gdb (ATT_1659843, SYSDBA:NONE, ISO88591, TCPv4:10.0.0.10/51992)
	Z:\media\sistema\sis_ejecutables\sigmaweb\sigserver.exe:40
		(TRA_6157538, READ_COMMITTED | REC_VERSION | NOWAIT | READ_WRITE)

Statement 76482:
-------------------------------------------------------------------------------
SELECT Z.FMESAGE FROM ZMS_CLIE Z WHERE UPPER(Z.FAPPSRV)='SAAS' AND Z.FENVIAR='S' AND Z.FFECHA=CURRENT_DATE AND COALESCE(Z.FMESAGE,'')<>'' ORDER BY Z.FINDICE DESC ROWS 1
^^^^^^^^^^^^^^^^^^^^^^^^^^^^^^^^^^^^^^^^^^^^^^^^^^^^^^^^^^^^^^^^^^^^^^^^^^^^^^^
PLAN SORT (Z NATURAL)
0 records fetched
      0 ms, 7 fetch(es)

Table                             Natural     Index    Update    Insert    Delete   Backout     Purge   Expunge
***************************************************************************************************************
ZMS_CLIE                                2                                                                      

2016-11-09T14:44:26.6300 (25031:0x7f8c4cde2fc0) CLOSE_CURSOR
	/pool/data/ticket.gdb (ATT_1659843, SYSDBA:NONE, ISO88591, TCPv4:10.0.0.10/51992)
	Z:\media\sistema\sis_ejecutables\sigmaweb\sigserver.exe:40

Statement 76482:
-------------------------------------------------------------------------------
SELECT Z.FMESAGE FROM ZMS_CLIE Z WHERE UPPER(Z.FAPPSRV)='SAAS' AND Z.FENVIAR='S' AND Z.FFECHA=CURRENT_DATE AND COALESCE(Z.FMESAGE,'')<>'' ORDER BY Z.FINDICE DESC ROWS 1
^^^^^^^^^^^^^^^^^^^^^^^^^^^^^^^^^^^^^^^^^^^^^^^^^^^^^^^^^^^^^^^^^^^^^^^^^^^^^^^
PLAN SORT (Z NATURAL)

2016-11-09T14:44:26.6300 (25031:0x7f8c4cde2fc0) FREE_STATEMENT
	/pool/data/ticket.gdb (ATT_1659843, SYSDBA:NONE, ISO88591, TCPv4:10.0.0.10/51992)
	Z:\media\sistema\sis_ejecutables\sigmaweb\sigserver.exe:40

Statement 76482:
-------------------------------------------------------------------------------
SELECT Z.FMESAGE FROM ZMS_CLIE Z WHERE UPPER(Z.FAPPSRV)='SAAS' AND Z.FENVIAR='S' AND Z.FFECHA=CURRENT_DATE AND COALESCE(Z.FMESAGE,'')<>'' ORDER BY Z.FINDICE DESC ROWS 1
^^^^^^^^^^^^^^^^^^^^^^^^^^^^^^^^^^^^^^^^^^^^^^^^^^^^^^^^^^^^^^^^^^^^^^^^^^^^^^^
PLAN SORT (Z NATURAL)

2016-11-09T14:44:26.6300 (25031:0x7f8c4cde2fc0) COMMIT_TRANSACTION
	/pool/data/ticket.gdb (ATT_1659843, SYSDBA:NONE, ISO88591, TCPv4:10.0.0.10/51992)
	Z:\media\sistema\sis_ejecutables\sigmaweb\sigserver.exe:40
		(TRA_6157538, READ_COMMITTED | REC_VERSION | NOWAIT | READ_WRITE)
      0 ms, 1 write(s), 1 fetch(es), 1 mark(s)


 [2016-11-09 14:44:28.200 Info] Trace session 6 finished (NoData: 0; Terminated: 1)
